# JRE version: OpenJDK Runtime Environment (17.0.13+12) (build 17.0.13+12-LTS)
# Java VM: OpenJDK 64-Bit Server VM (17.0.13+12-LTS, mixed mode, sharing, tiered, compressed oops, compressed class ptrs, g1 gc, windows-amd64)
GC Precious Log:
 CPUs: 12 total, 12 available
 Memory: 16309M
 Large Page Support: Disabled
 NUMA Support: Disabled
 Compressed Oops: Enabled (Zero based)
 Heap Region Size: 2M
 Heap Min Capacity: 8M
 Heap Initial Capacity: 256M
 Heap Max Capacity: 4078M
 Pre-touch: Disabled
 Parallel Workers: 10
 Concurrent Workers: 3
 Concurrent Refinement Workers: 10
 Periodic GC: Disabled
Heap:
 garbage-first heap   total 106496K, used 60245K [0x0000000701200000, 0x0000000800000000)
  region size 2048K, 8 young (16384K), 0 survivors (0K)
 Metaspace       used 105101K, committed 105920K, reserved 1179648K
  class space    used 14044K, committed 14464K, reserved 1048576K
GC Heap History (20 events):
Event: 864.813 GC heap before
{Heap before GC invocations=51 (full 0):
 garbage-first heap   total 106496K, used 87751K [0x0000000701200000, 0x0000000800000000)
  region size 2048K, 16 young (32768K), 1 survivors (2048K)
 Metaspace       used 104388K, committed 105216K, reserved 1179648K
  class space    used 13983K, committed 14400K, reserved 1048576K
}
Event: 864.817 GC heap after
{Heap after GC invocations=52 (full 0):
 garbage-first heap   total 106496K, used 57035K [0x0000000701200000, 0x0000000800000000)
  region size 2048K, 1 young (2048K), 1 survivors (2048K)
 Metaspace       used 104388K, committed 105216K, reserved 1179648K
  class space    used 13983K, committed 14400K, reserved 1048576K
}
Event: 1149.861 GC heap before
{Heap before GC invocations=53 (full 0):
 garbage-first heap   total 106496K, used 89803K [0x0000000701200000, 0x0000000800000000)
  region size 2048K, 17 young (34816K), 1 survivors (2048K)
 Metaspace       used 104471K, committed 105280K, reserved 1179648K
  class space    used 13983K, committed 14400K, reserved 1048576K
}
Event: 1149.868 GC heap after
{Heap after GC invocations=54 (full 0):
 garbage-first heap   total 106496K, used 57048K [0x0000000701200000, 0x0000000800000000)
  region size 2048K, 1 young (2048K), 1 survivors (2048K)
 Metaspace       used 104471K, committed 105280K, reserved 1179648K
  class space    used 13983K, committed 14400K, reserved 1048576K
}
Event: 1442.839 GC heap before
{Heap before GC invocations=54 (full 0):
 garbage-first heap   total 106496K, used 89816K [0x0000000701200000, 0x0000000800000000)
  region size 2048K, 17 young (34816K), 1 survivors (2048K)
 Metaspace       used 104536K, committed 105344K, reserved 1179648K
  class space    used 13983K, committed 14400K, reserved 1048576K
}
Event: 1442.873 GC heap after
{Heap after GC invocations=55 (full 0):
 garbage-first heap   total 106496K, used 57037K [0x0000000701200000, 0x0000000800000000)
  region size 2048K, 1 young (2048K), 1 survivors (2048K)
 Metaspace       used 104536K, committed 105344K, reserved 1179648K
  class space    used 13983K, committed 14400K, reserved 1048576K
}
Event: 1736.075 GC heap before
{Heap before GC invocations=56 (full 0):
 garbage-first heap   total 106496K, used 89805K [0x0000000701200000, 0x0000000800000000)
  region size 2048K, 17 young (34816K), 1 survivors (2048K)
 Metaspace       used 104574K, committed 105408K, reserved 1179648K
  class space    used 13983K, committed 14400K, reserved 1048576K
}
Event: 1736.079 GC heap after
{Heap after GC invocations=57 (full 0):
 garbage-first heap   total 106496K, used 57083K [0x0000000701200000, 0x0000000800000000)
  region size 2048K, 1 young (2048K), 1 survivors (2048K)
 Metaspace       used 104574K, committed 105408K, reserved 1179648K
  class space    used 13983K, committed 14400K, reserved 1048576K
}
Event: 2011.502 GC heap before
{Heap before GC invocations=57 (full 0):
 garbage-first heap   total 106496K, used 89851K [0x0000000701200000, 0x0000000800000000)
  region size 2048K, 17 young (34816K), 1 survivors (2048K)
 Metaspace       used 104666K, committed 105472K, reserved 1179648K
  class space    used 13984K, committed 14400K, reserved 1048576K
}
Event: 2011.611 GC heap after
{Heap after GC invocations=58 (full 0):
 garbage-first heap   total 106496K, used 57644K [0x0000000701200000, 0x0000000800000000)
  region size 2048K, 1 young (2048K), 1 survivors (2048K)
 Metaspace       used 104666K, committed 105472K, reserved 1179648K
  class space    used 13984K, committed 14400K, reserved 1048576K
}
Event: 2304.618 GC heap before
{Heap before GC invocations=59 (full 0):
 garbage-first heap   total 106496K, used 90412K [0x0000000701200000, 0x0000000800000000)
  region size 2048K, 17 young (34816K), 1 survivors (2048K)
 Metaspace       used 104690K, committed 105472K, reserved 1179648K
  class space    used 13984K, committed 14400K, reserved 1048576K
}
Event: 2304.628 GC heap after
{Heap after GC invocations=60 (full 0):
 garbage-first heap   total 106496K, used 57701K [0x0000000701200000, 0x0000000800000000)
  region size 2048K, 1 young (2048K), 1 survivors (2048K)
 Metaspace       used 104690K, committed 105472K, reserved 1179648K
  class space    used 13984K, committed 14400K, reserved 1048576K
}
Event: 2323.234 GC heap before
{Heap before GC invocations=60 (full 0):
 garbage-first heap   total 106496K, used 59749K [0x0000000701200000, 0x0000000800000000)
  region size 2048K, 2 young (4096K), 1 survivors (2048K)
 Metaspace       used 104690K, committed 105472K, reserved 1179648K
  class space    used 13984K, committed 14400K, reserved 1048576K
}
Event: 2323.258 GC heap after
{Heap after GC invocations=61 (full 0):
 garbage-first heap   total 106496K, used 57109K [0x0000000701200000, 0x0000000800000000)
  region size 2048K, 1 young (2048K), 1 survivors (2048K)
 Metaspace       used 104690K, committed 105472K, reserved 1179648K
  class space    used 13984K, committed 14400K, reserved 1048576K
}
Event: 2612.466 GC heap before
{Heap before GC invocations=61 (full 0):
 garbage-first heap   total 106496K, used 87829K [0x0000000701200000, 0x0000000800000000)
  region size 2048K, 17 young (34816K), 1 survivors (2048K)
 Metaspace       used 104725K, committed 105536K, reserved 1179648K
  class space    used 13984K, committed 14400K, reserved 1048576K
}
Event: 2612.478 GC heap after
{Heap after GC invocations=62 (full 0):
 garbage-first heap   total 106496K, used 57112K [0x0000000701200000, 0x0000000800000000)
  region size 2048K, 1 young (2048K), 1 survivors (2048K)
 Metaspace       used 104725K, committed 105536K, reserved 1179648K
  class space    used 13984K, committed 14400K, reserved 1048576K
}
Event: 2891.876 GC heap before
{Heap before GC invocations=63 (full 0):
 garbage-first heap   total 106496K, used 89880K [0x0000000701200000, 0x0000000800000000)
  region size 2048K, 17 young (34816K), 1 survivors (2048K)
 Metaspace       used 104905K, committed 105728K, reserved 1179648K
  class space    used 14016K, committed 14400K, reserved 1048576K
}
Event: 2891.879 GC heap after
{Heap after GC invocations=64 (full 0):
 garbage-first heap   total 106496K, used 57166K [0x0000000701200000, 0x0000000800000000)
  region size 2048K, 1 young (2048K), 1 survivors (2048K)
 Metaspace       used 104905K, committed 105728K, reserved 1179648K
  class space    used 14016K, committed 14400K, reserved 1048576K
}
Event: 2891.942 GC heap before
{Heap before GC invocations=64 (full 0):
 garbage-first heap   total 106496K, used 59214K [0x0000000701200000, 0x0000000800000000)
  region size 2048K, 3 young (6144K), 1 survivors (2048K)
 Metaspace       used 105057K, committed 105920K, reserved 1179648K
  class space    used 14043K, committed 14464K, reserved 1048576K
}
Event: 2892.042 GC heap after
{Heap after GC invocations=65 (full 1):
 garbage-first heap   total 106496K, used 47957K [0x0000000701200000, 0x0000000800000000)
  region size 2048K, 0 young (0K), 0 survivors (0K)
 Metaspace       used 105057K, committed 105920K, reserved 1179648K
  class space    used 14043K, committed 14464K, reserved 1048576K
}

