# JRE version: OpenJDK Runtime Environment (17.0.13+12) (build 17.0.13+12-LTS)
# Java VM: OpenJDK 64-Bit Server VM (17.0.13+12-LTS, mixed mode, sharing, tiered, compressed oops, compressed class ptrs, g1 gc, windows-amd64)
GC Precious Log:
 CPUs: 12 total, 12 available
 Memory: 16309M
 Large Page Support: Disabled
 NUMA Support: Disabled
 Compressed Oops: Enabled (32-bit)
 Heap Region Size: 1M
 Heap Min Capacity: 256M
 Heap Initial Capacity: 256M
 Heap Max Capacity: 512M
 Pre-touch: Disabled
 Parallel Workers: 10
 Concurrent Workers: 3
 Concurrent Refinement Workers: 10
 Periodic GC: Disabled
Heap:
 garbage-first heap   total 276480K, used 220133K [0x00000000e0000000, 0x0000000100000000)
  region size 1024K, 52 young (53248K), 2 survivors (2048K)
 Metaspace       used 88727K, committed 89408K, reserved 458752K
  class space    used 12106K, committed 12416K, reserved 327680K
GC Heap History (20 events):
Event: 2421.863 GC heap before
{Heap before GC invocations=23 (full 0):
 garbage-first heap   total 262144K, used 149181K [0x00000000e0000000, 0x0000000100000000)
  region size 1024K, 12 young (12288K), 8 survivors (8192K)
 Metaspace       used 77895K, committed 79168K, reserved 458752K
  class space    used 10716K, committed 11200K, reserved 327680K
}
Event: 2421.880 GC heap after
{Heap after GC invocations=24 (full 0):
 garbage-first heap   total 262144K, used 129219K [0x00000000e0000000, 0x0000000100000000)
  region size 1024K, 2 young (2048K), 2 survivors (2048K)
 Metaspace       used 77895K, committed 79168K, reserved 458752K
  class space    used 10716K, committed 11200K, reserved 327680K
}
Event: 2422.248 GC heap before
{Heap before GC invocations=24 (full 0):
 garbage-first heap   total 262144K, used 213187K [0x00000000e0000000, 0x0000000100000000)
  region size 1024K, 84 young (86016K), 2 survivors (2048K)
 Metaspace       used 78152K, committed 79168K, reserved 458752K
  class space    used 10762K, committed 11200K, reserved 327680K
}
Event: 2422.251 GC heap after
{Heap after GC invocations=25 (full 0):
 garbage-first heap   total 262144K, used 135915K [0x00000000e0000000, 0x0000000100000000)
  region size 1024K, 9 young (9216K), 9 survivors (9216K)
 Metaspace       used 78152K, committed 79168K, reserved 458752K
  class space    used 10762K, committed 11200K, reserved 327680K
}
Event: 2422.845 GC heap before
{Heap before GC invocations=26 (full 0):
 garbage-first heap   total 262144K, used 212715K [0x00000000e0000000, 0x0000000100000000)
  region size 1024K, 85 young (87040K), 9 survivors (9216K)
 Metaspace       used 79646K, committed 80384K, reserved 458752K
  class space    used 11024K, committed 11328K, reserved 327680K
}
Event: 2422.856 GC heap after
{Heap after GC invocations=27 (full 0):
 garbage-first heap   total 262144K, used 142883K [0x00000000e0000000, 0x0000000100000000)
  region size 1024K, 11 young (11264K), 11 survivors (11264K)
 Metaspace       used 79646K, committed 80384K, reserved 458752K
  class space    used 11024K, committed 11328K, reserved 327680K
}
Event: 2422.858 GC heap before
{Heap before GC invocations=27 (full 0):
 garbage-first heap   total 262144K, used 143907K [0x00000000e0000000, 0x0000000100000000)
  region size 1024K, 12 young (12288K), 11 survivors (11264K)
 Metaspace       used 79646K, committed 80384K, reserved 458752K
  class space    used 11024K, committed 11328K, reserved 327680K
}
Event: 2422.866 GC heap after
{Heap after GC invocations=28 (full 0):
 garbage-first heap   total 262144K, used 139798K [0x00000000e0000000, 0x0000000100000000)
  region size 1024K, 2 young (2048K), 2 survivors (2048K)
 Metaspace       used 79646K, committed 80384K, reserved 458752K
  class space    used 11024K, committed 11328K, reserved 327680K
}
Event: 2423.095 GC heap before
{Heap before GC invocations=28 (full 0):
 garbage-first heap   total 262144K, used 211478K [0x00000000e0000000, 0x0000000100000000)
  region size 1024K, 72 young (73728K), 2 survivors (2048K)
 Metaspace       used 79680K, committed 80384K, reserved 458752K
  class space    used 11030K, committed 11328K, reserved 327680K
}
Event: 2423.102 GC heap after
{Heap after GC invocations=29 (full 0):
 garbage-first heap   total 262144K, used 153289K [0x00000000e0000000, 0x0000000100000000)
  region size 1024K, 9 young (9216K), 9 survivors (9216K)
 Metaspace       used 79680K, committed 80384K, reserved 458752K
  class space    used 11030K, committed 11328K, reserved 327680K
}
Event: 2423.220 GC heap before
{Heap before GC invocations=30 (full 0):
 garbage-first heap   total 276480K, used 211657K [0x00000000e0000000, 0x0000000100000000)
  region size 1024K, 66 young (67584K), 9 survivors (9216K)
 Metaspace       used 79680K, committed 80384K, reserved 458752K
  class space    used 11030K, committed 11328K, reserved 327680K
}
Event: 2423.237 GC heap after
{Heap after GC invocations=31 (full 0):
 garbage-first heap   total 276480K, used 154465K [0x00000000e0000000, 0x0000000100000000)
  region size 1024K, 1 young (1024K), 1 survivors (1024K)
 Metaspace       used 79680K, committed 80384K, reserved 458752K
  class space    used 11030K, committed 11328K, reserved 327680K
}
Event: 2423.696 GC heap before
{Heap before GC invocations=31 (full 0):
 garbage-first heap   total 276480K, used 166753K [0x00000000e0000000, 0x0000000100000000)
  region size 1024K, 13 young (13312K), 1 survivors (1024K)
 Metaspace       used 81242K, committed 81920K, reserved 458752K
  class space    used 11243K, committed 11520K, reserved 327680K
}
Event: 2423.704 GC heap after
{Heap after GC invocations=32 (full 0):
 garbage-first heap   total 276480K, used 150939K [0x00000000e0000000, 0x0000000100000000)
  region size 1024K, 1 young (1024K), 1 survivors (1024K)
 Metaspace       used 81242K, committed 81920K, reserved 458752K
  class space    used 11243K, committed 11520K, reserved 327680K
}
Event: 2424.010 GC heap before
{Heap before GC invocations=32 (full 0):
 garbage-first heap   total 276480K, used 155035K [0x00000000e0000000, 0x0000000100000000)
  region size 1024K, 6 young (6144K), 1 survivors (1024K)
 Metaspace       used 81245K, committed 81920K, reserved 458752K
  class space    used 11243K, committed 11520K, reserved 327680K
}
Event: 2424.011 GC heap after
{Heap after GC invocations=33 (full 0):
 garbage-first heap   total 276480K, used 150734K [0x00000000e0000000, 0x0000000100000000)
  region size 1024K, 1 young (1024K), 1 survivors (1024K)
 Metaspace       used 81245K, committed 81920K, reserved 458752K
  class space    used 11243K, committed 11520K, reserved 327680K
}
Event: 2425.154 GC heap before
{Heap before GC invocations=34 (full 0):
 garbage-first heap   total 276480K, used 233678K [0x00000000e0000000, 0x0000000100000000)
  region size 1024K, 78 young (79872K), 1 survivors (1024K)
 Metaspace       used 87285K, committed 88000K, reserved 458752K
  class space    used 11955K, committed 12288K, reserved 327680K
}
Event: 2425.179 GC heap after
{Heap after GC invocations=35 (full 0):
 garbage-first heap   total 276480K, used 172180K [0x00000000e0000000, 0x0000000100000000)
  region size 1024K, 10 young (10240K), 10 survivors (10240K)
 Metaspace       used 87285K, committed 88000K, reserved 458752K
  class space    used 11955K, committed 12288K, reserved 327680K
}
Event: 2425.203 GC heap before
{Heap before GC invocations=35 (full 0):
 garbage-first heap   total 276480K, used 175252K [0x00000000e0000000, 0x0000000100000000)
  region size 1024K, 13 young (13312K), 10 survivors (10240K)
 Metaspace       used 87346K, committed 88064K, reserved 458752K
  class space    used 11957K, committed 12288K, reserved 327680K
}
Event: 2425.210 GC heap after
{Heap after GC invocations=36 (full 0):
 garbage-first heap   total 276480K, used 169957K [0x00000000e0000000, 0x0000000100000000)
  region size 1024K, 2 young (2048K), 2 survivors (2048K)
 Metaspace       used 87346K, committed 88064K, reserved 458752K
  class space    used 11957K, committed 12288K, reserved 327680K
}

